0 info it worked if it ends with ok
1 verbose cli [ '/usr/local/bin/node', '/usr/local/bin/npm', 'run', 'dist' ]
2 info using npm@3.10.9
3 info using node@v6.9.1
4 verbose run-script [ 'predist', 'dist', 'postdist' ]
5 info lifecycle salondegraduacion@1.0.0~predist: salondegraduacion@1.0.0
6 silly lifecycle salondegraduacion@1.0.0~predist: no script for predist, continuing
7 info lifecycle salondegraduacion@1.0.0~dist: salondegraduacion@1.0.0
8 verbose lifecycle salondegraduacion@1.0.0~dist: unsafe-perm in lifecycle true
9 verbose lifecycle salondegraduacion@1.0.0~dist: PATH: /usr/local/lib/node_modules/npm/bin/node-gyp-bin:/Users/andre/Documents/Proyectos/Electron/lector-qr/node_modules/.bin:/Library/Frameworks/Python.framework/Versions/3.6/bin:/Users/andre/.sdkman/candidates/grails/current/bin:/Users/andre/.sdkman/candidates/gradle/current/bin:/Users/andre/.sdkman/vertx/current/bin:/Users/andre/.sdkman/springboot/current/bin:/Users/andre/.sdkman/lazybones/current/bin:/Users/andre/.sdkman/jbake/current/bin:/Users/andre/.sdkman/groovyserv/current/bin:/Users/andre/.sdkman/groovy/current/bin:/Users/andre/.sdkman/griffon/current/bin:/Users/andre/.sdkman/grails/current/bin:/Users/andre/.sdkman/gradle/current/bin:/Users/andre/.sdkman/glide/current/bin:/Users/andre/.sdkman/gaiden/current/bin:/Users/andre/.sdkman/crash/current/bin:/Users/andre/.sdkman/asciidoctorj/current/bin:/usr/local/bin:/usr/bin:/bin:/usr/sbin:/sbin:/usr/local/mysql/bin
10 verbose lifecycle salondegraduacion@1.0.0~dist: CWD: /Users/andre/Documents/Proyectos/Electron/lector-qr
11 silly lifecycle salondegraduacion@1.0.0~dist: Args: [ '-c', 'build' ]
12 silly lifecycle salondegraduacion@1.0.0~dist: Returned: code: 255  signal: null
13 info lifecycle salondegraduacion@1.0.0~dist: Failed to exec dist script
14 verbose stack Error: salondegraduacion@1.0.0 dist: `build`
14 verbose stack Exit status 255
14 verbose stack     at EventEmitter.<anonymous> (/usr/local/lib/node_modules/npm/lib/utils/lifecycle.js:255:16)
14 verbose stack     at emitTwo (events.js:106:13)
14 verbose stack     at EventEmitter.emit (events.js:191:7)
14 verbose stack     at ChildProcess.<anonymous> (/usr/local/lib/node_modules/npm/lib/utils/spawn.js:40:14)
14 verbose stack     at emitTwo (events.js:106:13)
14 verbose stack     at ChildProcess.emit (events.js:191:7)
14 verbose stack     at maybeClose (internal/child_process.js:877:16)
14 verbose stack     at Process.ChildProcess._handle.onexit (internal/child_process.js:226:5)
15 verbose pkgid salondegraduacion@1.0.0
16 verbose cwd /Users/andre/Documents/Proyectos/Electron/lector-qr
17 error Darwin 16.6.0
18 error argv "/usr/local/bin/node" "/usr/local/bin/npm" "run" "dist"
19 error node v6.9.1
20 error npm  v3.10.9
21 error code ELIFECYCLE
22 error salondegraduacion@1.0.0 dist: `build`
22 error Exit status 255
23 error Failed at the salondegraduacion@1.0.0 dist script 'build'.
23 error Make sure you have the latest version of node.js and npm installed.
23 error If you do, this is most likely a problem with the salondegraduacion package,
23 error not with npm itself.
23 error Tell the author that this fails on your system:
23 error     build
23 error You can get information on how to open an issue for this project with:
23 error     npm bugs salondegraduacion
23 error Or if that isn't available, you can get their info via:
23 error     npm owner ls salondegraduacion
23 error There is likely additional logging output above.
24 verbose exit [ 1, true ]
